ERROR - 2024-12-26 05:41:06 --> Error connecting to the database: mysqli_sql_exception: No connection could be made because the target machine actively refused it in D:\medical-chatbot\system\Database\MySQLi\Connection.php:186
Stack trace:
#0 D:\medical-chatbot\system\Database\MySQLi\Connection.php(186): mysqli->real_connect('localhost', 'root', Object(SensitiveParameterValue), 'medical_chatbot', 3306, '', 0)
#1 D:\medical-chatbot\system\Database\BaseConnection.php(421): CodeIgniter\Database\MySQLi\Connection->connect(false)
#2 D:\medical-chatbot\system\Database\BaseConnection.php(616): CodeIgniter\Database\BaseConnection->initialize()
#3 D:\medical-chatbot\app\Models\FeedbackModel.php(10): CodeIgniter\Database\BaseConnection->query('INSERT INTO use...')
#4 D:\medical-chatbot\app\Controllers\LandingController.php(25): App\Models\FeedbackModel->submitFeedback('esjdkji', 'qhiubdj', 'oihude')
#5 D:\medical-chatbot\system\CodeIgniter.php(933): App\Controllers\LandingController->submitFeedback()
#6 D:\medical-chatbot\system\CodeIgniter.php(509): CodeIgniter\CodeIgniter->runController(Object(App\Controllers\LandingController))
#7 D:\medical-chatbot\system\CodeIgniter.php(355): CodeIgniter\CodeIgniter->handleRequest(NULL, Object(Config\Cache), false)
#8 D:\medical-chatbot\system\Boot.php(325): CodeIgniter\CodeIgniter->run()
#9 D:\medical-chatbot\system\Boot.php(67): CodeIgniter\Boot::runCodeIgniter(Object(CodeIgniter\CodeIgniter))
#10 D:\medical-chatbot\public\index.php(56): CodeIgniter\Boot::bootWeb(Object(Config\Paths))
#11 D:\medical-chatbot\system\rewrite.php(44): require_once('D:\\medical-chat...')
#12 {main}

Next CodeIgniter\Database\Exceptions\DatabaseException: No connection could be made because the target machine actively refused it in D:\medical-chatbot\system\Database\MySQLi\Connection.php:231
Stack trace:
#0 D:\medical-chatbot\system\Database\BaseConnection.php(421): CodeIgniter\Database\MySQLi\Connection->connect(false)
#1 D:\medical-chatbot\system\Database\BaseConnection.php(616): CodeIgniter\Database\BaseConnection->initialize()
#2 D:\medical-chatbot\app\Models\FeedbackModel.php(10): CodeIgniter\Database\BaseConnection->query('INSERT INTO use...')
#3 D:\medical-chatbot\app\Controllers\LandingController.php(25): App\Models\FeedbackModel->submitFeedback('esjdkji', 'qhiubdj', 'oihude')
#4 D:\medical-chatbot\system\CodeIgniter.php(933): App\Controllers\LandingController->submitFeedback()
#5 D:\medical-chatbot\system\CodeIgniter.php(509): CodeIgniter\CodeIgniter->runController(Object(App\Controllers\LandingController))
#6 D:\medical-chatbot\system\CodeIgniter.php(355): CodeIgniter\CodeIgniter->handleRequest(NULL, Object(Config\Cache), false)
#7 D:\medical-chatbot\system\Boot.php(325): CodeIgniter\CodeIgniter->run()
#8 D:\medical-chatbot\system\Boot.php(67): CodeIgniter\Boot::runCodeIgniter(Object(CodeIgniter\CodeIgniter))
#9 D:\medical-chatbot\public\index.php(56): CodeIgniter\Boot::bootWeb(Object(Config\Paths))
#10 D:\medical-chatbot\system\rewrite.php(44): require_once('D:\\medical-chat...')
#11 {main}
CRITICAL - 2024-12-26 05:41:06 --> CodeIgniter\Database\Exceptions\DatabaseException: Unable to connect to the database.
Main connection [MySQLi]: No connection could be made because the target machine actively refused it
[Method: POST, Route: api/submit-feedback]
in SYSTEMPATH\Database\BaseConnection.php on line 467.
 1 SYSTEMPATH\Database\BaseConnection.php(616): CodeIgniter\Database\BaseConnection->initialize()
 2 APPPATH\Models\FeedbackModel.php(10): CodeIgniter\Database\BaseConnection->query('INSERT INTO user_contact_form (name, email, message) VALUES (\'esjdkji\', \'qhiubdj\', \'oihude\')')
 3 APPPATH\Controllers\LandingController.php(25): App\Models\FeedbackModel->submitFeedback('esjdkji', 'qhiubdj', 'oihude')
 4 SYSTEMPATH\CodeIgniter.php(933): App\Controllers\LandingController->submitFeedback()
 5 SYSTEMPATH\CodeIgniter.php(509): CodeIgniter\CodeIgniter->runController(Object(App\Controllers\LandingController))
 6 SYSTEMPATH\CodeIgniter.php(355): CodeIgniter\CodeIgniter->handleRequest(null, Object(Config\Cache), false)
 7 SYSTEMPATH\Boot.php(325): CodeIgniter\CodeIgniter->run()
 8 SYSTEMPATH\Boot.php(67): CodeIgniter\Boot::runCodeIgniter(Object(CodeIgniter\CodeIgniter))
 9 FCPATH\index.php(56): CodeIgniter\Boot::bootWeb(Object(Config\Paths))
10 SYSTEMPATH\rewrite.php(44): require_once('D:\\medical-chatbot\\public\\index.php')
CRITICAL - 2024-12-26 08:53:13 --> Http\Discovery\Exception\NotFoundException: No PSR-18 clients found. Make sure to install a package providing "psr/http-client-implementation". Example: "php-http/guzzle7-adapter".
[Method: GET, Route: sendMail]
in VENDORPATH\php-http\discovery\src\Psr18ClientDiscovery.php on line 28.
 1 VENDORPATH\mailgun\mailgun-php\src\HttpClient\HttpClientConfigurator.php(174): Http\Discovery\Psr18ClientDiscovery::find()
 2 VENDORPATH\mailgun\mailgun-php\src\HttpClient\HttpClientConfigurator.php(101): Mailgun\HttpClient\HttpClientConfigurator->getHttpClient()
 3 VENDORPATH\mailgun\mailgun-php\src\Mailgun.php(86): Mailgun\HttpClient\HttpClientConfigurator->createConfiguredClient()
 4 VENDORPATH\mailgun\mailgun-php\src\Mailgun.php(104): Mailgun\Mailgun->__construct(Object(Mailgun\HttpClient\HttpClientConfigurator))
 5 APPPATH\Controllers\SendEmail.php(18): Mailgun\Mailgun::create('f7426dd2ee8ebbed5df32fe6433e7ddc-2e68d0fb-3ef911f3')
 6 SYSTEMPATH\CodeIgniter.php(933): App\Controllers\SendEmail->index()
 7 SYSTEMPATH\CodeIgniter.php(509): CodeIgniter\CodeIgniter->runController(Object(App\Controllers\SendEmail))
 8 SYSTEMPATH\CodeIgniter.php(355): CodeIgniter\CodeIgniter->handleRequest(null, Object(Config\Cache), false)
 9 SYSTEMPATH\Boot.php(325): CodeIgniter\CodeIgniter->run()
10 SYSTEMPATH\Boot.php(67): CodeIgniter\Boot::runCodeIgniter(Object(CodeIgniter\CodeIgniter))
11 FCPATH\index.php(56): CodeIgniter\Boot::bootWeb(Object(Config\Paths))
12 SYSTEMPATH\rewrite.php(44): require_once('D:\\medical-chatbot\\public\\index.php')
CRITICAL - 2024-12-26 08:53:13 --> [Caused by] Http\Discovery\Exception\DiscoveryFailedException: Could not find resource using any discovery strategy. Find more information at http://docs.php-http.org/en/latest/discovery.html#common-errors
 - No valid candidate found using strategy "Http\Discovery\Strategy\CommonClassesStrategy". We tested the following candidates: Http\Discovery\Strategy\CommonClassesStrategy::symfonyPsr18Instantiate, GuzzleHttp\Client, Http\Discovery\Strategy\CommonClassesStrategy::buzzInstantiate.
 - No valid candidate found using strategy "Http\Discovery\Strategy\CommonPsr17ClassesStrategy". We tested the following candidates: .


in VENDORPATH\php-http\discovery\src\Exception\DiscoveryFailedException.php on line 41.
 1 VENDORPATH\php-http\discovery\src\ClassDiscovery.php(94): Http\Discovery\Exception\DiscoveryFailedException::create([...])
 2 VENDORPATH\php-http\discovery\src\Psr18ClientDiscovery.php(26): Http\Discovery\ClassDiscovery::findOneByType('Psr\\Http\\Client\\ClientInterface')
 3 VENDORPATH\mailgun\mailgun-php\src\HttpClient\HttpClientConfigurator.php(174): Http\Discovery\Psr18ClientDiscovery::find()
 4 VENDORPATH\mailgun\mailgun-php\src\HttpClient\HttpClientConfigurator.php(101): Mailgun\HttpClient\HttpClientConfigurator->getHttpClient()
 5 VENDORPATH\mailgun\mailgun-php\src\Mailgun.php(86): Mailgun\HttpClient\HttpClientConfigurator->createConfiguredClient()
 6 VENDORPATH\mailgun\mailgun-php\src\Mailgun.php(104): Mailgun\Mailgun->__construct(Object(Mailgun\HttpClient\HttpClientConfigurator))
 7 APPPATH\Controllers\SendEmail.php(18): Mailgun\Mailgun::create('f7426dd2ee8ebbed5df32fe6433e7ddc-2e68d0fb-3ef911f3')
 8 SYSTEMPATH\CodeIgniter.php(933): App\Controllers\SendEmail->index()
 9 SYSTEMPATH\CodeIgniter.php(509): CodeIgniter\CodeIgniter->runController(Object(App\Controllers\SendEmail))
10 SYSTEMPATH\CodeIgniter.php(355): CodeIgniter\CodeIgniter->handleRequest(null, Object(Config\Cache), false)
11 SYSTEMPATH\Boot.php(325): CodeIgniter\CodeIgniter->run()
12 SYSTEMPATH\Boot.php(67): CodeIgniter\Boot::runCodeIgniter(Object(CodeIgniter\CodeIgniter))
13 FCPATH\index.php(56): CodeIgniter\Boot::bootWeb(Object(Config\Paths))
14 SYSTEMPATH\rewrite.php(44): require_once('D:\\medical-chatbot\\public\\index.php')
CRITICAL - 2024-12-26 08:53:56 --> Mailgun\Exception\HttpClientException: Your credentials are incorrect.
[Method: GET, Route: sendMail]
in VENDORPATH\mailgun\mailgun-php\src\Exception\HttpClientException.php on line 77.
 1 VENDORPATH\mailgun\mailgun-php\src\Api\HttpApi.php(94): Mailgun\Exception\HttpClientException::unauthorized(Object(GuzzleHttp\Psr7\Response))
 2 VENDORPATH\mailgun\mailgun-php\src\Api\HttpApi.php(76): Mailgun\Api\HttpApi->handleErrors(Object(GuzzleHttp\Psr7\Response))
 3 VENDORPATH\mailgun\mailgun-php\src\Api\Message.php(80): Mailgun\Api\HttpApi->hydrateResponse(Object(GuzzleHttp\Psr7\Response), 'Mailgun\\Model\\Message\\SendResponse')
 4 APPPATH\Controllers\SendEmail.php(21): Mailgun\Api\Message->send('sandboxxxxxxxxxxxxxxxxxxxxxxxxxxxxxxxxx.mailgun.org', [...])
 5 SYSTEMPATH\CodeIgniter.php(933): App\Controllers\SendEmail->index()
 6 SYSTEMPATH\CodeIgniter.php(509): CodeIgniter\CodeIgniter->runController(Object(App\Controllers\SendEmail))
 7 SYSTEMPATH\CodeIgniter.php(355): CodeIgniter\CodeIgniter->handleRequest(null, Object(Config\Cache), false)
 8 SYSTEMPATH\Boot.php(325): CodeIgniter\CodeIgniter->run()
 9 SYSTEMPATH\Boot.php(67): CodeIgniter\Boot::runCodeIgniter(Object(CodeIgniter\CodeIgniter))
10 FCPATH\index.php(56): CodeIgniter\Boot::bootWeb(Object(Config\Paths))
11 SYSTEMPATH\rewrite.php(44): require_once('D:\\medical-chatbot\\public\\index.php')
CRITICAL - 2024-12-26 08:55:12 --> Mailgun\Exception\HttpClientException: Your credentials are incorrect.
[Method: GET, Route: sendMail]
in VENDORPATH\mailgun\mailgun-php\src\Exception\HttpClientException.php on line 77.
 1 VENDORPATH\mailgun\mailgun-php\src\Api\HttpApi.php(94): Mailgun\Exception\HttpClientException::unauthorized(Object(GuzzleHttp\Psr7\Response))
 2 VENDORPATH\mailgun\mailgun-php\src\Api\HttpApi.php(76): Mailgun\Api\HttpApi->handleErrors(Object(GuzzleHttp\Psr7\Response))
 3 VENDORPATH\mailgun\mailgun-php\src\Api\Message.php(80): Mailgun\Api\HttpApi->hydrateResponse(Object(GuzzleHttp\Psr7\Response), 'Mailgun\\Model\\Message\\SendResponse')
 4 APPPATH\Controllers\SendEmail.php(21): Mailgun\Api\Message->send('sandboxxxxxxxxxxxxxxxxxxxxxxxxxxxxxxxxx.mailgun.org', [...])
 5 SYSTEMPATH\CodeIgniter.php(933): App\Controllers\SendEmail->index()
 6 SYSTEMPATH\CodeIgniter.php(509): CodeIgniter\CodeIgniter->runController(Object(App\Controllers\SendEmail))
 7 SYSTEMPATH\CodeIgniter.php(355): CodeIgniter\CodeIgniter->handleRequest(null, Object(Config\Cache), false)
 8 SYSTEMPATH\Boot.php(325): CodeIgniter\CodeIgniter->run()
 9 SYSTEMPATH\Boot.php(67): CodeIgniter\Boot::runCodeIgniter(Object(CodeIgniter\CodeIgniter))
10 FCPATH\index.php(56): CodeIgniter\Boot::bootWeb(Object(Config\Paths))
11 SYSTEMPATH\rewrite.php(44): require_once('D:\\medical-chatbot\\public\\index.php')
ERROR - 2024-12-26 09:28:07 --> mysqli_sql_exception: You have an error in your SQL syntax; check the manual that corresponds to your MariaDB server version for the right syntax to use near '@t.com' at line 1 in D:\medical-chatbot\system\Database\MySQLi\Connection.php:312
Stack trace:
#0 D:\medical-chatbot\system\Database\MySQLi\Connection.php(312): mysqli->query('SELECT * FROM u...', 0)
#1 D:\medical-chatbot\system\Database\BaseConnection.php(734): CodeIgniter\Database\MySQLi\Connection->execute('SELECT * FROM u...')
#2 D:\medical-chatbot\system\Database\BaseConnection.php(648): CodeIgniter\Database\BaseConnection->simpleQuery('SELECT * FROM u...')
#3 D:\medical-chatbot\app\Models\UserModel.php(10): CodeIgniter\Database\BaseConnection->query('SELECT * FROM u...')
#4 D:\medical-chatbot\app\Controllers\LoginController.php(33): App\Models\UserModel->validateUser('t@t.com')
#5 D:\medical-chatbot\system\CodeIgniter.php(933): App\Controllers\LoginController->validateUser()
#6 D:\medical-chatbot\system\CodeIgniter.php(509): CodeIgniter\CodeIgniter->runController(Object(App\Controllers\LoginController))
#7 D:\medical-chatbot\system\CodeIgniter.php(355): CodeIgniter\CodeIgniter->handleRequest(NULL, Object(Config\Cache), false)
#8 D:\medical-chatbot\system\Boot.php(325): CodeIgniter\CodeIgniter->run()
#9 D:\medical-chatbot\system\Boot.php(67): CodeIgniter\Boot::runCodeIgniter(Object(CodeIgniter\CodeIgniter))
#10 D:\medical-chatbot\public\index.php(56): CodeIgniter\Boot::bootWeb(Object(Config\Paths))
#11 D:\medical-chatbot\system\rewrite.php(44): require_once('D:\\medical-chat...')
#12 {main}
CRITICAL - 2024-12-26 09:28:07 --> CodeIgniter\Database\Exceptions\DatabaseException: You have an error in your SQL syntax; check the manual that corresponds to your MariaDB server version for the right syntax to use near '@t.com' at line 1
[Method: POST, Route: api/login-user]
in SYSTEMPATH\Database\BaseConnection.php on line 688.
 1 APPPATH\Models\UserModel.php(10): CodeIgniter\Database\BaseConnection->query('SELECT * FROM users WHERE t@t.com')
 2 APPPATH\Controllers\LoginController.php(33): App\Models\UserModel->validateUser('t@t.com')
 3 SYSTEMPATH\CodeIgniter.php(933): App\Controllers\LoginController->validateUser()
 4 SYSTEMPATH\CodeIgniter.php(509): CodeIgniter\CodeIgniter->runController(Object(App\Controllers\LoginController))
 5 SYSTEMPATH\CodeIgniter.php(355): CodeIgniter\CodeIgniter->handleRequest(null, Object(Config\Cache), false)
 6 SYSTEMPATH\Boot.php(325): CodeIgniter\CodeIgniter->run()
 7 SYSTEMPATH\Boot.php(67): CodeIgniter\Boot::runCodeIgniter(Object(CodeIgniter\CodeIgniter))
 8 FCPATH\index.php(56): CodeIgniter\Boot::bootWeb(Object(Config\Paths))
 9 SYSTEMPATH\rewrite.php(44): require_once('D:\\medical-chatbot\\public\\index.php')
CRITICAL - 2024-12-26 09:28:07 --> [Caused by] CodeIgniter\Database\Exceptions\DatabaseException: You have an error in your SQL syntax; check the manual that corresponds to your MariaDB server version for the right syntax to use near '@t.com' at line 1
in SYSTEMPATH\Database\MySQLi\Connection.php on line 317.
 1 SYSTEMPATH\Database\BaseConnection.php(734): CodeIgniter\Database\MySQLi\Connection->execute('SELECT * FROM users WHERE t@t.com')
 2 SYSTEMPATH\Database\BaseConnection.php(648): CodeIgniter\Database\BaseConnection->simpleQuery('SELECT * FROM users WHERE t@t.com')
 3 APPPATH\Models\UserModel.php(10): CodeIgniter\Database\BaseConnection->query('SELECT * FROM users WHERE t@t.com')
 4 APPPATH\Controllers\LoginController.php(33): App\Models\UserModel->validateUser('t@t.com')
 5 SYSTEMPATH\CodeIgniter.php(933): App\Controllers\LoginController->validateUser()
 6 SYSTEMPATH\CodeIgniter.php(509): CodeIgniter\CodeIgniter->runController(Object(App\Controllers\LoginController))
 7 SYSTEMPATH\CodeIgniter.php(355): CodeIgniter\CodeIgniter->handleRequest(null, Object(Config\Cache), false)
 8 SYSTEMPATH\Boot.php(325): CodeIgniter\CodeIgniter->run()
 9 SYSTEMPATH\Boot.php(67): CodeIgniter\Boot::runCodeIgniter(Object(CodeIgniter\CodeIgniter))
10 FCPATH\index.php(56): CodeIgniter\Boot::bootWeb(Object(Config\Paths))
11 SYSTEMPATH\rewrite.php(44): require_once('D:\\medical-chatbot\\public\\index.php')
CRITICAL - 2024-12-26 09:28:07 --> [Caused by] mysqli_sql_exception: You have an error in your SQL syntax; check the manual that corresponds to your MariaDB server version for the right syntax to use near '@t.com' at line 1
in SYSTEMPATH\Database\MySQLi\Connection.php on line 312.
 1 SYSTEMPATH\Database\MySQLi\Connection.php(312): mysqli->query('SELECT * FROM users WHERE t@t.com', 0)
 2 SYSTEMPATH\Database\BaseConnection.php(734): CodeIgniter\Database\MySQLi\Connection->execute('SELECT * FROM users WHERE t@t.com')
 3 SYSTEMPATH\Database\BaseConnection.php(648): CodeIgniter\Database\BaseConnection->simpleQuery('SELECT * FROM users WHERE t@t.com')
 4 APPPATH\Models\UserModel.php(10): CodeIgniter\Database\BaseConnection->query('SELECT * FROM users WHERE t@t.com')
 5 APPPATH\Controllers\LoginController.php(33): App\Models\UserModel->validateUser('t@t.com')
 6 SYSTEMPATH\CodeIgniter.php(933): App\Controllers\LoginController->validateUser()
 7 SYSTEMPATH\CodeIgniter.php(509): CodeIgniter\CodeIgniter->runController(Object(App\Controllers\LoginController))
 8 SYSTEMPATH\CodeIgniter.php(355): CodeIgniter\CodeIgniter->handleRequest(null, Object(Config\Cache), false)
 9 SYSTEMPATH\Boot.php(325): CodeIgniter\CodeIgniter->run()
10 SYSTEMPATH\Boot.php(67): CodeIgniter\Boot::runCodeIgniter(Object(CodeIgniter\CodeIgniter))
11 FCPATH\index.php(56): CodeIgniter\Boot::bootWeb(Object(Config\Paths))
12 SYSTEMPATH\rewrite.php(44): require_once('D:\\medical-chatbot\\public\\index.php')
ERROR - 2024-12-26 11:19:35 --> mysqli_sql_exception: Table 'medical_chatbot.user_api' doesn't exist in D:\medical-chatbot\system\Database\MySQLi\Connection.php:312
Stack trace:
#0 D:\medical-chatbot\system\Database\MySQLi\Connection.php(312): mysqli->query('SELECT * FROM u...', 0)
#1 D:\medical-chatbot\system\Database\BaseConnection.php(734): CodeIgniter\Database\MySQLi\Connection->execute('SELECT * FROM u...')
#2 D:\medical-chatbot\system\Database\BaseConnection.php(648): CodeIgniter\Database\BaseConnection->simpleQuery('SELECT * FROM u...')
#3 D:\medical-chatbot\app\Models\UserAPIModel.php(10): CodeIgniter\Database\BaseConnection->query('SELECT * FROM u...')
#4 D:\medical-chatbot\app\Controllers\ApiController.php(20): App\Models\UserAPIModel->verifyApi('69f563ce-f7fa-4...')
#5 D:\medical-chatbot\system\CodeIgniter.php(933): App\Controllers\ApiController->verifyApi()
#6 D:\medical-chatbot\system\CodeIgniter.php(509): CodeIgniter\CodeIgniter->runController(Object(App\Controllers\ApiController))
#7 D:\medical-chatbot\system\CodeIgniter.php(355): CodeIgniter\CodeIgniter->handleRequest(NULL, Object(Config\Cache), false)
#8 D:\medical-chatbot\system\Boot.php(325): CodeIgniter\CodeIgniter->run()
#9 D:\medical-chatbot\system\Boot.php(67): CodeIgniter\Boot::runCodeIgniter(Object(CodeIgniter\CodeIgniter))
#10 D:\medical-chatbot\public\index.php(56): CodeIgniter\Boot::bootWeb(Object(Config\Paths))
#11 D:\medical-chatbot\system\rewrite.php(44): require_once('D:\\medical-chat...')
#12 {main}
CRITICAL - 2024-12-26 11:19:35 --> CodeIgniter\Database\Exceptions\DatabaseException: Table 'medical_chatbot.user_api' doesn't exist
[Method: POST, Route: user-api/verify]
in SYSTEMPATH\Database\BaseConnection.php on line 688.
 1 APPPATH\Models\UserAPIModel.php(10): CodeIgniter\Database\BaseConnection->query('SELECT * FROM user_api WHERE api_key = \'69f563ce-f7fa-44e0-ad8c-718c8f80d586\'')
 2 APPPATH\Controllers\ApiController.php(20): App\Models\UserAPIModel->verifyApi('69f563ce-f7fa-44e0-ad8c-718c8f80d586')
 3 SYSTEMPATH\CodeIgniter.php(933): App\Controllers\ApiController->verifyApi()
 4 SYSTEMPATH\CodeIgniter.php(509): CodeIgniter\CodeIgniter->runController(Object(App\Controllers\ApiController))
 5 SYSTEMPATH\CodeIgniter.php(355): CodeIgniter\CodeIgniter->handleRequest(null, Object(Config\Cache), false)
 6 SYSTEMPATH\Boot.php(325): CodeIgniter\CodeIgniter->run()
 7 SYSTEMPATH\Boot.php(67): CodeIgniter\Boot::runCodeIgniter(Object(CodeIgniter\CodeIgniter))
 8 FCPATH\index.php(56): CodeIgniter\Boot::bootWeb(Object(Config\Paths))
 9 SYSTEMPATH\rewrite.php(44): require_once('D:\\medical-chatbot\\public\\index.php')
CRITICAL - 2024-12-26 11:19:35 --> [Caused by] CodeIgniter\Database\Exceptions\DatabaseException: Table 'medical_chatbot.user_api' doesn't exist
in SYSTEMPATH\Database\MySQLi\Connection.php on line 317.
 1 SYSTEMPATH\Database\BaseConnection.php(734): CodeIgniter\Database\MySQLi\Connection->execute('SELECT * FROM user_api WHERE api_key = \'69f563ce-f7fa-44e0-ad8c-718c8f80d586\'')
 2 SYSTEMPATH\Database\BaseConnection.php(648): CodeIgniter\Database\BaseConnection->simpleQuery('SELECT * FROM user_api WHERE api_key = \'69f563ce-f7fa-44e0-ad8c-718c8f80d586\'')
 3 APPPATH\Models\UserAPIModel.php(10): CodeIgniter\Database\BaseConnection->query('SELECT * FROM user_api WHERE api_key = \'69f563ce-f7fa-44e0-ad8c-718c8f80d586\'')
 4 APPPATH\Controllers\ApiController.php(20): App\Models\UserAPIModel->verifyApi('69f563ce-f7fa-44e0-ad8c-718c8f80d586')
 5 SYSTEMPATH\CodeIgniter.php(933): App\Controllers\ApiController->verifyApi()
 6 SYSTEMPATH\CodeIgniter.php(509): CodeIgniter\CodeIgniter->runController(Object(App\Controllers\ApiController))
 7 SYSTEMPATH\CodeIgniter.php(355): CodeIgniter\CodeIgniter->handleRequest(null, Object(Config\Cache), false)
 8 SYSTEMPATH\Boot.php(325): CodeIgniter\CodeIgniter->run()
 9 SYSTEMPATH\Boot.php(67): CodeIgniter\Boot::runCodeIgniter(Object(CodeIgniter\CodeIgniter))
10 FCPATH\index.php(56): CodeIgniter\Boot::bootWeb(Object(Config\Paths))
11 SYSTEMPATH\rewrite.php(44): require_once('D:\\medical-chatbot\\public\\index.php')
CRITICAL - 2024-12-26 11:19:35 --> [Caused by] mysqli_sql_exception: Table 'medical_chatbot.user_api' doesn't exist
in SYSTEMPATH\Database\MySQLi\Connection.php on line 312.
 1 SYSTEMPATH\Database\MySQLi\Connection.php(312): mysqli->query('SELECT * FROM user_api WHERE api_key = \'69f563ce-f7fa-44e0-ad8c-718c8f80d586\'', 0)
 2 SYSTEMPATH\Database\BaseConnection.php(734): CodeIgniter\Database\MySQLi\Connection->execute('SELECT * FROM user_api WHERE api_key = \'69f563ce-f7fa-44e0-ad8c-718c8f80d586\'')
 3 SYSTEMPATH\Database\BaseConnection.php(648): CodeIgniter\Database\BaseConnection->simpleQuery('SELECT * FROM user_api WHERE api_key = \'69f563ce-f7fa-44e0-ad8c-718c8f80d586\'')
 4 APPPATH\Models\UserAPIModel.php(10): CodeIgniter\Database\BaseConnection->query('SELECT * FROM user_api WHERE api_key = \'69f563ce-f7fa-44e0-ad8c-718c8f80d586\'')
 5 APPPATH\Controllers\ApiController.php(20): App\Models\UserAPIModel->verifyApi('69f563ce-f7fa-44e0-ad8c-718c8f80d586')
 6 SYSTEMPATH\CodeIgniter.php(933): App\Controllers\ApiController->verifyApi()
 7 SYSTEMPATH\CodeIgniter.php(509): CodeIgniter\CodeIgniter->runController(Object(App\Controllers\ApiController))
 8 SYSTEMPATH\CodeIgniter.php(355): CodeIgniter\CodeIgniter->handleRequest(null, Object(Config\Cache), false)
 9 SYSTEMPATH\Boot.php(325): CodeIgniter\CodeIgniter->run()
10 SYSTEMPATH\Boot.php(67): CodeIgniter\Boot::runCodeIgniter(Object(CodeIgniter\CodeIgniter))
11 FCPATH\index.php(56): CodeIgniter\Boot::bootWeb(Object(Config\Paths))
12 SYSTEMPATH\rewrite.php(44): require_once('D:\\medical-chatbot\\public\\index.php')
CRITICAL - 2024-12-26 11:39:32 --> ErrorException: Undefined property: stdClass::$message
[Method: POST, Route: user-api/getResponse]
in APPPATH\Controllers\ApiController.php on line 35.
 1 APPPATH\Controllers\ApiController.php(35): CodeIgniter\Debug\Exceptions->errorHandler(2, 'Undefined property: stdClass::$message', 'D:\\medical-chatbot\\app\\Controllers\\ApiController.php', 35)
 2 SYSTEMPATH\CodeIgniter.php(933): App\Controllers\ApiController->getResponse()
 3 SYSTEMPATH\CodeIgniter.php(509): CodeIgniter\CodeIgniter->runController(Object(App\Controllers\ApiController))
 4 SYSTEMPATH\CodeIgniter.php(355): CodeIgniter\CodeIgniter->handleRequest(null, Object(Config\Cache), false)
 5 SYSTEMPATH\Boot.php(325): CodeIgniter\CodeIgniter->run()
 6 SYSTEMPATH\Boot.php(67): CodeIgniter\Boot::runCodeIgniter(Object(CodeIgniter\CodeIgniter))
 7 FCPATH\index.php(56): CodeIgniter\Boot::bootWeb(Object(Config\Paths))
 8 SYSTEMPATH\rewrite.php(44): require_once('D:\\medical-chatbot\\public\\index.php')
CRITICAL - 2024-12-26 11:39:36 --> ErrorException: Undefined property: stdClass::$message
[Method: POST, Route: user-api/getResponse]
in APPPATH\Controllers\ApiController.php on line 35.
 1 APPPATH\Controllers\ApiController.php(35): CodeIgniter\Debug\Exceptions->errorHandler(2, 'Undefined property: stdClass::$message', 'D:\\medical-chatbot\\app\\Controllers\\ApiController.php', 35)
 2 SYSTEMPATH\CodeIgniter.php(933): App\Controllers\ApiController->getResponse()
 3 SYSTEMPATH\CodeIgniter.php(509): CodeIgniter\CodeIgniter->runController(Object(App\Controllers\ApiController))
 4 SYSTEMPATH\CodeIgniter.php(355): CodeIgniter\CodeIgniter->handleRequest(null, Object(Config\Cache), false)
 5 SYSTEMPATH\Boot.php(325): CodeIgniter\CodeIgniter->run()
 6 SYSTEMPATH\Boot.php(67): CodeIgniter\Boot::runCodeIgniter(Object(CodeIgniter\CodeIgniter))
 7 FCPATH\index.php(56): CodeIgniter\Boot::bootWeb(Object(Config\Paths))
 8 SYSTEMPATH\rewrite.php(44): require_once('D:\\medical-chatbot\\public\\index.php')
CRITICAL - 2024-12-26 11:40:32 --> ErrorException: Undefined property: stdClass::$message
[Method: POST, Route: user-api/getResponse]
in APPPATH\Controllers\ApiController.php on line 35.
 1 APPPATH\Controllers\ApiController.php(35): CodeIgniter\Debug\Exceptions->errorHandler(2, 'Undefined property: stdClass::$message', 'D:\\medical-chatbot\\app\\Controllers\\ApiController.php', 35)
 2 SYSTEMPATH\CodeIgniter.php(933): App\Controllers\ApiController->getResponse()
 3 SYSTEMPATH\CodeIgniter.php(509): CodeIgniter\CodeIgniter->runController(Object(App\Controllers\ApiController))
 4 SYSTEMPATH\CodeIgniter.php(355): CodeIgniter\CodeIgniter->handleRequest(null, Object(Config\Cache), false)
 5 SYSTEMPATH\Boot.php(325): CodeIgniter\CodeIgniter->run()
 6 SYSTEMPATH\Boot.php(67): CodeIgniter\Boot::runCodeIgniter(Object(CodeIgniter\CodeIgniter))
 7 FCPATH\index.php(56): CodeIgniter\Boot::bootWeb(Object(Config\Paths))
 8 SYSTEMPATH\rewrite.php(44): require_once('D:\\medical-chatbot\\public\\index.php')
CRITICAL - 2024-12-26 11:41:35 --> CodeIgniter\HTTP\Exceptions\HTTPException: Failed to parse JSON string. Error: Syntax error
[Method: POST, Route: user-api/getResponse]
in SYSTEMPATH\HTTP\IncomingRequest.php on line 537.
 1 SYSTEMPATH\HTTP\IncomingRequest.php(537): CodeIgniter\HTTP\Exceptions\HTTPException::forInvalidJSON('Syntax error')
 2 APPPATH\Controllers\ApiController.php(32): CodeIgniter\HTTP\IncomingRequest->getJSON()
 3 SYSTEMPATH\CodeIgniter.php(933): App\Controllers\ApiController->getResponse()
 4 SYSTEMPATH\CodeIgniter.php(509): CodeIgniter\CodeIgniter->runController(Object(App\Controllers\ApiController))
 5 SYSTEMPATH\CodeIgniter.php(355): CodeIgniter\CodeIgniter->handleRequest(null, Object(Config\Cache), false)
 6 SYSTEMPATH\Boot.php(325): CodeIgniter\CodeIgniter->run()
 7 SYSTEMPATH\Boot.php(67): CodeIgniter\Boot::runCodeIgniter(Object(CodeIgniter\CodeIgniter))
 8 FCPATH\index.php(56): CodeIgniter\Boot::bootWeb(Object(Config\Paths))
 9 SYSTEMPATH\rewrite.php(44): require_once('D:\\medical-chatbot\\public\\index.php')
